[debug] [2024-12-18T20:15:47.780Z] ----------------------------------------------------------------------
[debug] [2024-12-18T20:15:47.789Z] Command:       C:\Program Files\nodejs\node.exe C:\Users\Shady\AppData\Roaming\npm\node_modules\firebase-tools\lib\bin\firebase.js init
[debug] [2024-12-18T20:15:47.790Z] CLI Version:   13.8.0
[debug] [2024-12-18T20:15:47.790Z] Platform:      win32
[debug] [2024-12-18T20:15:47.791Z] Node Version:  v22.12.0
[debug] [2024-12-18T20:15:47.791Z] Time:          Wed Dec 18 2024 22:15:47 GMT+0200 (South Africa Standard Time)
[debug] [2024-12-18T20:15:47.792Z] ----------------------------------------------------------------------
[debug] 
[debug] [2024-12-18T20:15:47.809Z] > command requires scopes: ["email","openid","https://www.googleapis.com/auth/cloudplatformprojects.readonly","https://www.googleapis.com/auth/firebase","https://www.googleapis.com/auth/cloud-platform"]
[debug] [2024-12-18T20:15:47.810Z] > authorizing via signed-in user (mikeforbeat@gmail.com)
[info] 
     ######## #### ########  ######## ########     ###     ######  ########
     ##        ##  ##     ## ##       ##     ##  ##   ##  ##       ##
     ######    ##  ########  ######   ########  #########  ######  ######
     ##        ##  ##    ##  ##       ##     ## ##     ##       ## ##
     ##       #### ##     ## ######## ########  ##     ##  ######  ########

You're about to initialize a Firebase project in this directory:

  C:\Users\Shady\Desktop\mahanaim

[info] 
=== Project Setup
[info] 
[info] First, let's associate this project directory with a Firebase project.
[info] You can create multiple project aliases by running firebase use --add, 
[info] but for now we'll just set up a default project.
[info] 
